"../../../Engine/Content/Functions/Engine_MaterialFunctions01/Opacity/CameraDepthFade.uasset" 0
"../../../Engine/Content/EngineMaterials/T_Default_Material_Grid_M.uasset" 1
"../../../Engine/Content/EngineMaterials/T_Default_Material_Grid_N.uasset" 2
"../../../Engine/Content/EngineMaterials/WorldGridMaterial.uasset" 3
"D:/UE4Project/Pong/Content/Blueprints/Player/StaticMesh/PongCharacter.uasset" 4
"D:/UE4Project/Pong/Content/Materials/RettGialloNeg512_bis_Tavola_disegno_1.uasset" 5
"D:/UE4Project/Pong/Content/Materials/RettGiallo_Texture.uasset" 6
"../../../Engine/Content/EngineMaterials/DefaultMaterial.uasset" 7
"../../../Engine/Content/BasicShapes/Cone.uasset" 8
"../../../Engine/Content/BasicShapes/Cube.uasset" 9
"../../../Engine/Content/BasicShapes/Cylinder.uasset" 10
"../../../Engine/Content/BasicShapes/Plane.uasset" 11
"../../../Engine/Content/BasicShapes/Sphere.uasset" 12
"../../../Engine/Content/EditorLandscapeResources/DataLayer.uasset" 13
"../../../Engine/Content/EditorMaterials/GizmoMaterial.uasset" 14
"../../../Engine/Content/EditorMaterials/MAT_Groups_Toggle.uasset" 15
"../../../Engine/Content/EditorMaterials/MAT_Groups_Visibility.uasset" 16
"../../../Engine/Content/EditorMaterials/PreviewShadowIndicator.uasset" 17
"../../../Engine/Content/EditorMaterials/PreviewShadowIndicatorMaterial.uasset" 18
"../../../Engine/Content/EditorMaterials/MatineeGroups/MAT_ColorTrack.uasset" 19
"../../../Engine/Content/EditorMaterials/MatineeGroups/MAT_Groups_Anim.uasset" 20
"../../../Engine/Content/EditorMaterials/MatineeGroups/MAT_Groups_AudioMaster.uasset" 21
"../../../Engine/Content/EditorMaterials/MatineeGroups/MAT_Groups_Director.uasset" 22
"../../../Engine/Content/EditorMaterials/MatineeGroups/MAT_Groups_Event.uasset" 23
"../../../Engine/Content/EditorMaterials/MatineeGroups/MAT_Groups_Fade.uasset" 24
"../../../Engine/Content/EditorMaterials/MatineeGroups/MAT_Groups_Float.uasset" 25
"../../../Engine/Content/EditorMaterials/MatineeGroups/MAT_Groups_Move.uasset" 26
"../../../Engine/Content/EditorMaterials/MatineeGroups/MAT_Groups_Slomo.uasset" 27
"../../../Engine/Content/EditorMaterials/MatineeGroups/MAT_Groups_Sound.uasset" 28
"../../../Engine/Content/EditorMaterials/MatineeGroups/MAT_Groups_Vector.uasset" 29
"../../../Engine/Content/EditorMaterials/ParticleSystems/PSysThumbnail_NoImage.uasset" 30
"../../../Engine/Content/EditorMaterials/ParticleSystems/PSysThumbnail_OOD.uasset" 31
"../../../Engine/Content/EditorMaterials/Camera/CineMat.uasset" 32
"../../../Engine/Content/EditorMaterials/Camera/MI_CineMat_Rig.uasset" 33
"../../../Engine/Content/EditorMeshes/Camera/SM_CraneRig_Arm.uasset" 34
"../../../Engine/Content/EditorMeshes/Camera/SM_CraneRig_Base.uasset" 35
"../../../Engine/Content/EditorMeshes/Camera/SM_CraneRig_Body.uasset" 36
"../../../Engine/Content/EditorMeshes/Camera/SM_CraneRig_Mount.uasset" 37
"../../../Engine/Content/EditorMeshes/Camera/SM_RailRig_Mount.uasset" 38
"../../../Engine/Content/EditorMeshes/Camera/SM_RailRig_Track.uasset" 39
"../../../Engine/Content/EditorMeshes/ColorCalibrator/M_ChromeBall.uasset" 40
"../../../Engine/Content/EditorMeshes/ColorCalibrator/M_ClearCoat.uasset" 41
"../../../Engine/Content/EditorMeshes/ColorCalibrator/M_ClearCoatBlack.uasset" 42
"../../../Engine/Content/EditorMeshes/ColorCalibrator/Color_checker.uasset" 43
"../../../Engine/Content/EditorMeshes/ColorCalibrator/M_ColorGrid.uasset" 44
"../../../Engine/Content/EditorMeshes/ColorCalibrator/M_GreyBall.uasset" 45
"../../../Engine/Content/EditorMeshes/ColorCalibrator/SM_ColorCalibrator.uasset" 46
"../../../Engine/Content/EditorResources/BSPVertex.uasset" 47
"../../../Engine/Content/EditorResources/EmptyActor.uasset" 48
"../../../Engine/Content/EditorResources/S_Actor.uasset" 49
"../../../Engine/Content/EditorResources/S_Trigger.uasset" 50
"../../../Engine/Content/EditorResources/LightIcons/S_LightError.uasset" 51
"../../../Engine/Content/EditorResources/SequenceRecorder/Countdown.uasset" 52
"../../../Engine/Content/EditorResources/SequenceRecorder/RecordingIndicator.uasset" 53
"../../../Engine/Content/EditorSounds/Notifications/CompileFailed.uasset" 54
"../../../Engine/Content/EditorSounds/Notifications/CompileFailed_Cue.uasset" 55
"../../../Engine/Content/EditorSounds/Notifications/CompileSuccess.uasset" 56
"../../../Engine/Content/EditorSounds/Notifications/CompileStart_Cue.uasset" 57
"../../../Engine/Content/EditorSounds/Notifications/CompileSuccess_Cue.uasset" 58
"../../../Engine/Content/EngineDamageTypes/DmgTypeBP_Environmental.uasset" 59
"../../../Engine/Content/EngineDebugMaterials/HeatmapGradient.uasset" 60
"../../../Engine/Content/EngineDebugMaterials/BoneWeightMaterial.uasset" 61
"../../../Engine/Content/EngineDebugMaterials/ClothMaterial.uasset" 62
"../../../Engine/Content/EngineDebugMaterials/ClothMaterial_WF.uasset" 63
"../../../Engine/Content/EngineDebugMaterials/DebugEditorMaterial.uasset" 64
"../../../Engine/Content/EngineDebugMaterials/DebugMeshMaterial.uasset" 65
"../../../Engine/Content/EngineDebugMaterials/GeomMaterial.uasset" 66
"../../../Engine/Content/EngineFonts/Faces/RobotoBold.uasset" 67
"../../../Engine/Content/EngineFonts/Faces/RobotoBoldItalic.uasset" 68
"../../../Engine/Content/EngineFonts/Faces/RobotoItalic.uasset" 69
"../../../Engine/Content/EngineFonts/Faces/RobotoLight.uasset" 70
"../../../Engine/Content/EngineFonts/Faces/RobotoRegular.uasset" 71
"../../../Engine/Content/EngineFonts/Roboto.uasset" 72
"../../../Engine/Content/EngineFonts/Faces/RobotoTiny.uasset" 73
"../../../Engine/Content/EngineFonts/RobotoTiny.uasset" 74
"../../../Engine/Content/EngineMaterials/DefaultBloomKernel.uasset" 75
"../../../Engine/Content/EngineMaterials/DefaultBokeh.uasset" 76
"../../../Engine/Content/EngineMaterials/DefaultDiffuse.uasset" 77
"../../../Engine/Content/EngineMaterials/DefaultDeferredDecalMaterial.uasset" 78
"../../../Engine/Content/EngineMaterials/DefaultLightFunctionMaterial.uasset" 79
"../../../Engine/Content/EngineMaterials/DefaultPhysicalMaterial.uasset" 80
"../../../Engine/Content/Functions/Engine_MaterialFunctions02/Utility/BreakOutFloat2Components.uasset" 81
"../../../Engine/Content/EngineMaterials/DefaultPostProcessMaterial.uasset" 82
"../../../Engine/Content/EngineFonts/RobotoDistanceField.uasset" 83
"../../../Engine/Content/EngineMaterials/DefaultTextMaterialOpaque.uasset" 84
"../../../Engine/Content/EngineMaterials/DefaultWhiteGrid.uasset" 85
"../../../Engine/Content/EngineMaterials/EditorBrushMaterial.uasset" 86
"../../../Engine/Content/EngineMaterials/Good64x64TilingNoiseHighFreq.uasset" 87
"../../../Engine/Content/EngineMaterials/MiniFont.uasset" 88
"../../../Engine/Content/EngineMaterials/InvalidLightmapSettings.uasset" 89
"../../../Engine/Content/EngineMaterials/M_InvalidLightmapSettings.uasset" 90
"../../../Engine/Content/Functions/Engine_MaterialFunctions02/WorldPositionOffset/CameraOffset.uasset" 91
"../../../Engine/Content/EngineMaterials/PhAT_JointLimitMaterial.uasset" 92
"../../../Engine/Content/EngineMaterials/PreintegratedSkinBRDF.uasset" 93
"../../../Engine/Content/EngineMaterials/RemoveSurfaceMaterial.uasset" 94
"../../../Engine/Content/EngineMaterials/WeightMapPlaceholderTexture.uasset" 95
"../../../Engine/Content/EngineResources/WhiteSquareTexture.uasset" 96
"../../../Engine/Content/EngineMaterials/Widget3DPassThrough.uasset" 97
"../../../Engine/Content/EngineMaterials/Widget3DPassThrough_Masked.uasset" 98
"../../../Engine/Content/EngineMaterials/Widget3DPassThrough_Opaque.uasset" 99
"../../../Engine/Content/EngineMaterials/Widget3DPassThrough_Masked_OneSided.uasset" 100
"../../../Engine/Content/EngineMaterials/Widget3DPassThrough_Opaque_OneSided.uasset" 101
"../../../Engine/Content/EngineMaterials/Widget3DPassThrough_Translucent.uasset" 102
"../../../Engine/Content/EngineMaterials/Widget3DPassThrough_Translucent_OneSided.uasset" 103
"../../../Engine/Content/EngineMeshes/Cube.uasset" 104
"../../../Engine/Content/EngineMeshes/Cylinder.uasset" 105
"../../../Engine/Content/EngineMeshes/Sphere.uasset" 106
"../../../Engine/Content/EngineResources/Black.uasset" 107
"../../../Engine/Content/EngineResources/DefaultTexture.uasset" 108
"../../../Engine/Content/EngineResources/DefaultTextureCube.uasset" 109
"../../../Engine/Content/EngineResources/GradientTexture0.uasset" 110
"../../../Engine/Content/EngineSounds/Master.uasset" 111
"../../../Engine/Content/Functions/Engine_MaterialFunctions01/Shading/ConvertFromDiffSpec.uasset" 112
"../../../Engine/Content/Functions/Engine_MaterialFunctions01/Shading/PowerToRoughness.uasset" 113
"../../../Engine/Content/Maps/Templates/Thumbnails/Default.uasset" 114
"../../../Engine/Content/Maps/Templates/Thumbnails/VR-Basic.uasset" 115
"../../../Engine/Content/MobileResources/T_MobileControls_texture.uasset" 116
"../../../Engine/Content/MobileResources/T_MobileMenu2.uasset" 117
"../../../Engine/Content/MobileResources/HUD/AnalogHat.uasset" 118
"../../../Engine/Content/MobileResources/HUD/VirtualJoystick_Background.uasset" 119
"../../../Engine/Content/MobileResources/HUD/VirtualJoystick_Thumb.uasset" 120
"../../../Engine/Content/MobileResources/HUD/DefaultVirtualJoysticks.uasset" 121
"../../../Engine/Content/MobileResources/HUD/LeftVirtualJoystickOnly.uasset" 122
"../../../Engine/Content/MobileResources/HUD/MobileHUDButton1_off.uasset" 123
"../../../Engine/Content/MobileResources/HUD/MobileHUDButton1_on.uasset" 124
"../../../Engine/Content/MobileResources/HUD/MobileHUDButton2_off.uasset" 125
"../../../Engine/Content/MobileResources/HUD/MobileHUDButton2_on.uasset" 126
"../../../Engine/Content/MobileResources/HUD/MobileHUDButton3.uasset" 127
"../../../Engine/Content/MobileResources/HUD/MobileHUDButtonFire.uasset" 128
"../../../Engine/Content/MobileResources/HUD/MobileHUDDirectionPad.uasset" 129
"../../../Engine/Content/MobileResources/HUD/MobileHUDDirectionPad2.uasset" 130
"../../../Engine/Content/MobileResources/HUD/MobileHUDDirectionPad3.uasset" 131
"../../../Engine/Content/MobileResources/HUD/MobileHUDDirectionStick.uasset" 132
"../../../Engine/Content/MobileResources/HUD/T_Castle_ThumbstickInner.uasset" 133
"../../../Engine/Content/MobileResources/HUD/T_Castle_ThumbstickOutter.uasset" 134
"../../../Engine/Content/Tutorial/ContentIntroCurve.uasset" 135
"../../../Engine/Content/Tutorial/Basics/TutorialAssets/icon_tab_Levels_40x.uasset" 136
"../../../Engine/Content/Tutorial/BlueprintTutorials/TutorialAssets/BlueprintInterface_64x.uasset" 137
"../../../Engine/Content/Tutorial/BlueprintTutorials/TutorialAssets/BlueprintMacroLibrary_64x.uasset" 138
"../../../Engine/Content/Tutorial/BlueprintTutorials/TutorialAssets/Blueprint_64x.uasset" 139
"../../../Engine/Content/Tutorial/BlueprintTutorials/TutorialAssets/Tutorial_BP_Interface.uasset" 140
"../../../Engine/Content/Tutorial/Foliage/TutorialAssets/Foliage.uasset" 141
"../../../Engine/Content/Tutorial/Landscape/TutorialAssets/Landscape.uasset" 142
"../../../Engine/Content/Tutorial/Paper2D/TutorialAssets/Paper2DFlipbook_TutorialIcon.uasset" 143
"../../../Engine/Content/Tutorial/Paper2D/TutorialAssets/Paper2DSprite_TutorialIcon.uasset" 144
"../../../Engine/Content/Tutorial/SubEditors/TutorialAssets/icon_Editor_Preferences_General_40x.uasset" 145
"../../../Engine/Content/Tutorial/SubEditors/TutorialAssets/icon_ShowSkeletalMeshes_40x.uasset" 146
"../../../Engine/Content/Tutorial/SubEditors/TutorialAssets/TutorialMaterial.uasset" 147
"../../../Engine/Content/Tutorial/SubEditors/TutorialAssets/T_SmokeSubUV_8X8.uasset" 148
"../../../Engine/Content/Tutorial/SubEditors/TutorialAssets/T_soft_smoke.uasset" 149
"../../../Engine/Content/Tutorial/SubEditors/TutorialAssets/M_smoke_subUV_blackbody.uasset" 150
"../../../Engine/Content/Tutorial/SubEditors/TutorialAssets/TutorialParticleSystem.uasset" 151
"../../../Engine/Content/VREditor/Devices/Generic/GenericHMDMaterial.uasset" 152
"../../../Engine/Content/VREditor/Devices/Generic/GenericHMD.uasset" 153
"../../../Engine/Content/Functions/Engine_MaterialFunctions02/Utility/BreakOutFloat3Components.uasset" 154
"../../../Engine/Content/VREditor/Devices/Vive/VivePreController_MasksB.uasset" 155
"../../../Engine/Content/VREditor/Devices/Oculus/OculusControllerMaterial.uasset" 156
"../../../Engine/Content/VREditor/Devices/Oculus/OculusControllerMaterial_Inst.uasset" 157
"../../../Engine/Content/VREditor/Devices/Oculus/OculusControllerMesh.uasset" 158
"../../../Engine/Content/VREditor/Devices/Vive/T_VivePreController_EM.uasset" 159
"../../../Engine/Content/VREditor/Devices/Vive/VivePreController_MasksA.uasset" 160
"../../../Engine/Content/VREditor/Devices/Vive/VivePreControllerDiffuse.uasset" 161
"../../../Engine/Content/VREditor/Devices/Vive/VivePreControllerSpec.uasset" 162
"../../../Engine/Content/VREditor/LaserPointer/VR_LaserPower_01.uasset" 163
"../../../Engine/Content/VREditor/Devices/Vive/VivePreControllerMaterial.uasset" 164
"../../../Engine/Content/VREditor/Devices/Vive/VivePreControllerMaterial_Inst.uasset" 165
"../../../Engine/Content/VREditor/Devices/Vive/VivePreControllerMesh.uasset" 166
"../../../Engine/Content/VREditor/FloatingText/LineMaterial.uasset" 167
"../../../Engine/Content/VREditor/FloatingText/JointSphere.uasset" 168
"../../../Engine/Content/VREditor/FloatingText/LineSegmentCylinder.uasset" 169
"../../../Engine/Content/VREditor/Fonts/VRText_RobotoLarge.uasset" 170
"../../../Engine/Content/VREditor/Fonts/VRTextMaterial.uasset" 171
"../../../Engine/Content/VREditor/Fonts/TranslucentVRTextMaterial.uasset" 172
"../../../Engine/Content/VREditor/LaserPointer/CursorPointer.uasset" 173
"../../../Engine/Content/VREditor/TransformGizmo/TransformGizmoMaterial.uasset" 174
"../../../Engine/Content/VREditor/LaserPointer/HoverMaterial.uasset" 175
"../../../Engine/Content/VREditor/TransformGizmo/TranslucentTransformGizmoMaterial.uasset" 176
"../../../Engine/Content/VREditor/LaserPointer/TranslucentHoverMaterial.uasset" 177
"../../../Engine/Content/VREditor/LaserPointer/HoverMesh.uasset" 178
"../../../Engine/Content/VREditor/LaserPointer/LaserPointerMaterial.uasset" 179
"../../../Engine/Content/VREditor/LaserPointer/LaserPointerMaterialInst.uasset" 180
"../../../Engine/Content/VREditor/LaserPointer/TranslucentLaserPointerMaterialInst.uasset" 181
"../../../Engine/Content/VREditor/LaserPointer/LaserPointerMesh.uasset" 182
"../../../Engine/Content/VREditor/LaserPointer/LaserPointerMesh_End.uasset" 183
"../../../Engine/Content/VREditor/LaserPointer/LaserPointerMesh_Start.uasset" 184
"../../../Engine/Content/VREditor/Sounds/VR_teleport.uasset" 185
"../../../Engine/Content/VREditor/Sounds/UI/Click_on_Button.uasset" 186
"../../../Engine/Content/VREditor/Sounds/UI/Click_on_Button_Cue.uasset" 187
"../../../Engine/Content/VREditor/Sounds/UI/Dockable_Window_Close.uasset" 188
"../../../Engine/Content/VREditor/Sounds/UI/Dockable_Window_Drop.uasset" 189
"../../../Engine/Content/VREditor/Sounds/UI/Dockable_Window_Open.uasset" 190
"../../../Engine/Content/VREditor/Sounds/UI/Dockable_Window_Pick_Up.uasset" 191
"../../../Engine/Content/VREditor/Sounds/UI/Drop_Item_From_ContentBrowser.uasset" 192
"../../../Engine/Content/VREditor/Sounds/UI/Floating_UI_Open-001.uasset" 193
"../../../Engine/Content/VREditor/Sounds/UI/Radial_Menu_FadeOut.uasset" 194
"../../../Engine/Content/VREditor/Sounds/UI/Teleport_Mode_Entered.uasset" 195
"../../../Engine/Content/VREditor/Teleport/TeleportDirectionMaterial.uasset" 196
"../../../Engine/Content/VREditor/Teleport/TeleportDirectionMaterial_Inst.uasset" 197
"../../../Engine/Content/VREditor/Teleport/TeleportDirectionMesh.uasset" 198
"../../../Engine/Content/VREditor/TransformGizmo/BoundingBoxCorner.uasset" 199
"../../../Engine/Content/VREditor/TransformGizmo/BoundingBoxEdge.uasset" 200
"../../../Engine/Content/VREditor/TransformGizmo/PlaneTranslationHandle.uasset" 201
"../../../Engine/Content/VREditor/TransformGizmo/Main.uasset" 202
"../../../Engine/Content/VREditor/TransformGizmo/Xray.uasset" 203
"../../../Engine/Content/VREditor/TransformGizmo/SM_Dialog_Close.uasset" 204
"../../../Engine/Content/VREditor/TransformGizmo/SM_Dialog_Move.uasset" 205
"../../../Engine/Content/VREditor/TransformGizmo/SM_Sequencer_Key.uasset" 206
"../../../Engine/Content/VREditor/TransformGizmo/SM_Sequencer_Node.uasset" 207
"../../../Engine/Content/VREditor/TransformGizmo/TransformGizmoMaterial_Inst.uasset" 208
"../../../Engine/Content/VREditor/TransformGizmo/TranslucentTransformGizmoMaterial_Inst.uasset" 209
"../../../Engine/Content/VREditor/Devices/Vive/UE4_Logo.uasset" 210
"../../../Engine/Content/VREditor/UI/M_ContentWindow.uasset" 211
"../../../Engine/Content/VREditor/UI/SM_ContentWindow_01.uasset" 212
"../../../Engine/Content/VREditor/UI/KeyDiskMaterial.uasset" 213
"../../../Engine/Content/VREditor/UI/DiscMaterial.uasset" 214
"../../../Engine/Content/VREditor/UI/SM_Radial_Disk.uasset" 215
"../../../Engine/Content/VREditor/UI/ArrowMaterial.uasset" 216
"../../../Engine/Content/VREditor/UI/SM_Radial_Pointer.uasset" 217
"../../../Engine/Content/Functions/Engine_MaterialFunctions01/Gradient/RadialGradient.uasset" 218
"../../../Engine/Content/VREditor/WorldMovementGrid/SimpleGrid.uasset" 219
"../../../Engine/Content/VREditor/WorldMovementGrid/GridMaterial.uasset" 220
"../../../Engine/Content/Functions/Engine_MaterialFunctions01/Density/ExponentialDensity.uasset" 221
"../../../Engine/Content/VREditor/WorldMovementGrid/GridPostProcess.uasset" 222
"../../../Engine/Content/EditorLandscapeResources/FlattenHeightMat.uasset" 223
"../../../Engine/Content/VREditor/WorldMovementGrid/PlaneMesh.uasset" 224
"../../Plugins/2D/Paper2D/Content/PlaceholderTextures/DummySpriteTexture.uasset" 225
"../../Plugins/2D/Paper2D/Content/DummySprite.uasset" 226
"../../Plugins/2D/Paper2D/Content/DefaultPaperTerrainMaterial.uasset" 227
"../../Plugins/2D/Paper2D/Content/DefaultSpriteMaterial.uasset" 228
"../../Plugins/2D/Paper2D/Content/MaskedUnlitSpriteMaterial.uasset" 229
"../../Plugins/2D/Paper2D/Content/OpaqueUnlitSpriteMaterial.uasset" 230
"../../Plugins/Media/MediaCompositing/Content/DefaultMediaPlaneTexture.uasset" 231
"../../Plugins/Media/MediaCompositing/Content/DefaultMediaPlaneMaterial.uasset" 232
"../../../Engine/Content/Functions/Engine_MaterialFunctions02/Utility/MakeFloat4.uasset" 233
"../../Plugins/Runtime/AppleARKit/Content/ARKitCameraMaterial.uasset" 234
"../../Plugins/Runtime/Oculus/OculusVR/Content/Textures/GearVRController_AO.uasset" 235
"../../Plugins/Runtime/Oculus/OculusVR/Content/Textures/GearVRController_Color.uasset" 236
"../../Plugins/Runtime/Oculus/OculusVR/Content/Textures/GearVRController_Normal.uasset" 237
"../../Plugins/Runtime/Oculus/OculusVR/Content/Materials/GearVRControllerMaterial.uasset" 238
"../../Plugins/Runtime/Oculus/OculusVR/Content/Meshes/GearVrController.uasset" 239
"../../../Engine/Content/EditorBlueprintResources/StandardMacros.uasset" 240
"../../../Engine/Content/EngineSky/C_Sky_Cloud_Color.uasset" 241
"../../../Engine/Content/EngineSky/C_Sky_Horizon_Color.uasset" 242
"../../../Engine/Content/EngineSky/C_Sky_Zenith_Color.uasset" 243
"../../../Engine/Content/EngineSky/T_Sky_Blue.uasset" 244
"../../../Engine/Content/EngineSky/T_Sky_Clouds_M.uasset" 245
"../../../Engine/Content/EngineSky/T_Sky_Stars.uasset" 246
"../../../Engine/Content/EngineSky/M_Sky_Panning_Clouds2.uasset" 247
"../../../Engine/Content/EngineSky/SM_SkySphere.uasset" 248
"../../../Engine/Content/EngineSky/BP_Sky_Sphere.uasset" 249
"D:/UE4Project/Pong/Content/Materials/BallMat.uasset" 250
"D:/UE4Project/Pong/Content/Materials/WallMat.uasset" 251
"D:/UE4Project/Pong/Content/StaticMesh/SideWall.uasset" 252
"D:/UE4Project/Pong/Content/Blueprints/BP_SideWall.uasset" 253
"D:/UE4Project/Pong/Content/StaticMesh/StaticMesh/PongCharacter.uasset" 254
"D:/UE4Project/Pong/Content/Blueprints/Player/BP_EnemyCharacter.uasset" 255
"D:/UE4Project/Pong/Content/Materials/RettAr_Texture.uasset" 256
"D:/UE4Project/Pong/Content/Materials/RettArNeg512_bis_Tavola_disegno_1.uasset" 257
"D:/UE4Project/Pong/Content/Materials/Players/Player1.uasset" 258
"D:/UE4Project/Pong/Content/Blueprints/Player/BP_PongCharacter.uasset" 259
"D:/UE4Project/Pong/Content/BP_PlayerController.uasset" 260
"D:/UE4Project/Pong/Content/UI/WBP_GameHUD.uasset" 261
"D:/UE4Project/Pong/Content/UI/WBP_LoadingScreen.uasset" 262
"D:/UE4Project/Pong/Content/Materials/FieldMaterial.uasset" 263
"D:/UE4Project/Pong/Content/UI/WBP_MainMenu.uasset" 264
"D:/UE4Project/Pong/Content/UI/WBP_PauseMenu.uasset" 265
"D:/UE4Project/Pong/Content/GameInfoInstance.uasset" 266
"D:/UE4Project/Pong/Content/Materials/EnemyBallMat.uasset" 267
"D:/UE4Project/Pong/Content/Materials/PlayerBallMat.uasset" 268
"D:/UE4Project/Pong/Content/ParticleSystem/PS_PointScore.uasset" 269
"D:/UE4Project/Pong/Content/StaticMesh/StaticMesh/PongBall.uasset" 270
"D:/UE4Project/Pong/Content/Blueprints/BP_PongBall.uasset" 271
"D:/UE4Project/Pong/Content/PongGameMode.uasset" 272
"D:/UE4Project/Pong/Content/Level/MainLevel_001_BuiltData.uasset" 273
"../../../Engine/Content/MapTemplates/SM_Template_Map_Floor.uasset" 274
"D:/UE4Project/Pong/Content/Level/MainLevel_001.umap" 275
"D:/UE4Project/Pong/Content/StaticMesh/BackWall.uasset" 276
"D:/UE4Project/Pong/Content/Blueprints/BP_BackWall.uasset" 277
"D:/UE4Project/Pong/Content/Level/MainLevel_002_BuiltData.uasset" 278
"D:/UE4Project/Pong/Content/Materials/RettBlu_Texture.uasset" 279
"D:/UE4Project/Pong/Content/Materials/RettBluNeg512_bis_Tavola_disegno_1.uasset" 280
"D:/UE4Project/Pong/Content/Materials/Players/Player2.uasset" 281
"D:/UE4Project/Pong/Content/Materials/FieldMaterial_INST.uasset" 282
"D:/UE4Project/Pong/Content/StaticMesh/Floor.uasset" 283
"D:/UE4Project/Pong/Content/Level/MainLevel_002.umap" 284
"D:/UE4Project/Pong/Content/Level/StartingMenu_001.umap" 285
"../../../Engine/Content/Maps/Entry.umap" 286
